===== Run 1 =====
	Command being timed: "./speck -k key_128.key -e -i testdate100m -o ciphertext.bin"
	User time (seconds): 0.36
	System time (seconds): 0.21
	Percent of CPU this job got: 51%
	Elapsed (wall clock) time (h:mm:ss or m:ss): 0:01.14
	Average shared text size (kbytes): 0
	Average unshared data size (kbytes): 0
	Average stack size (kbytes): 0
	Average total size (kbytes): 0
	Maximum resident set size (kbytes): 1596
	Average resident set size (kbytes): 0
	Major (requiring I/O) page faults: 1
	Minor (reclaiming a frame) page faults: 66
	Voluntary context switches: 83
	Involuntary context switches: 15
	Swaps: 0
	File system inputs: 184488
	File system outputs: 204800
	Socket messages sent: 0
	Socket messages received: 0
	Signals delivered: 0
	Page size (bytes): 4096
	Exit status: 0
===== Run 2 =====
	Command being timed: "./speck -k key_128.key -e -i testdate100m -o ciphertext.bin"
	User time (seconds): 0.37
	System time (seconds): 0.14
	Percent of CPU this job got: 55%
	Elapsed (wall clock) time (h:mm:ss or m:ss): 0:00.92
	Average shared text size (kbytes): 0
	Average unshared data size (kbytes): 0
	Average stack size (kbytes): 0
	Average total size (kbytes): 0
	Maximum resident set size (kbytes): 1520
	Average resident set size (kbytes): 0
	Major (requiring I/O) page faults: 0
	Minor (reclaiming a frame) page faults: 66
	Voluntary context switches: 16
	Involuntary context switches: 8
	Swaps: 0
	File system inputs: 0
	File system outputs: 204800
	Socket messages sent: 0
	Socket messages received: 0
	Signals delivered: 0
	Page size (bytes): 4096
	Exit status: 0
===== Run 3 =====
	Command being timed: "./speck -k key_128.key -e -i testdate100m -o ciphertext.bin"
	User time (seconds): 1.54
	System time (seconds): 0.31
	Percent of CPU this job got: 93%
	Elapsed (wall clock) time (h:mm:ss or m:ss): 0:01.99
	Average shared text size (kbytes): 0
	Average unshared data size (kbytes): 0
	Average stack size (kbytes): 0
	Average total size (kbytes): 0
	Maximum resident set size (kbytes): 1584
	Average resident set size (kbytes): 0
	Major (requiring I/O) page faults: 0
	Minor (reclaiming a frame) page faults: 67
	Voluntary context switches: 7
	Involuntary context switches: 10
	Swaps: 0
	File system inputs: 0
	File system outputs: 204800
	Socket messages sent: 0
	Socket messages received: 0
	Signals delivered: 0
	Page size (bytes): 4096
	Exit status: 0
===== Run 4 =====
	Command being timed: "./speck -k key_128.key -e -i testdate100m -o ciphertext.bin"
	User time (seconds): 0.39
	System time (seconds): 0.16
	Percent of CPU this job got: 39%
	Elapsed (wall clock) time (h:mm:ss or m:ss): 0:01.39
	Average shared text size (kbytes): 0
	Average unshared data size (kbytes): 0
	Average stack size (kbytes): 0
	Average total size (kbytes): 0
	Maximum resident set size (kbytes): 1624
	Average resident set size (kbytes): 0
	Major (requiring I/O) page faults: 0
	Minor (reclaiming a frame) page faults: 68
	Voluntary context switches: 23
	Involuntary context switches: 5
	Swaps: 0
	File system inputs: 0
	File system outputs: 204800
	Socket messages sent: 0
	Socket messages received: 0
	Signals delivered: 0
	Page size (bytes): 4096
	Exit status: 0
===== Run 5 =====
	Command being timed: "./speck -k key_128.key -e -i testdate100m -o ciphertext.bin"
	User time (seconds): 0.40
	System time (seconds): 0.09
	Percent of CPU this job got: 63%
	Elapsed (wall clock) time (h:mm:ss or m:ss): 0:00.77
	Average shared text size (kbytes): 0
	Average unshared data size (kbytes): 0
	Average stack size (kbytes): 0
	Average total size (kbytes): 0
	Maximum resident set size (kbytes): 1568
	Average resident set size (kbytes): 0
	Major (requiring I/O) page faults: 0
	Minor (reclaiming a frame) page faults: 68
	Voluntary context switches: 8
	Involuntary context switches: 8
	Swaps: 0
	File system inputs: 0
	File system outputs: 204800
	Socket messages sent: 0
	Socket messages received: 0
	Signals delivered: 0
	Page size (bytes): 4096
	Exit status: 0
===== Run 6 =====
	Command being timed: "./speck -k key_128.key -e -i testdate100m -o ciphertext.bin"
	User time (seconds): 0.35
	System time (seconds): 0.13
	Percent of CPU this job got: 44%
	Elapsed (wall clock) time (h:mm:ss or m:ss): 0:01.09
	Average shared text size (kbytes): 0
	Average unshared data size (kbytes): 0
	Average stack size (kbytes): 0
	Average total size (kbytes): 0
	Maximum resident set size (kbytes): 1612
	Average resident set size (kbytes): 0
	Major (requiring I/O) page faults: 0
	Minor (reclaiming a frame) page faults: 67
	Voluntary context switches: 15
	Involuntary context switches: 3
	Swaps: 0
	File system inputs: 0
	File system outputs: 204800
	Socket messages sent: 0
	Socket messages received: 0
	Signals delivered: 0
	Page size (bytes): 4096
	Exit status: 0
===== Run 7 =====
	Command being timed: "./speck -k key_128.key -e -i testdate100m -o ciphertext.bin"
	User time (seconds): 0.38
	System time (seconds): 0.10
	Percent of CPU this job got: 32%
	Elapsed (wall clock) time (h:mm:ss or m:ss): 0:01.53
	Average shared text size (kbytes): 0
	Average unshared data size (kbytes): 0
	Average stack size (kbytes): 0
	Average total size (kbytes): 0
	Maximum resident set size (kbytes): 1588
	Average resident set size (kbytes): 0
	Major (requiring I/O) page faults: 0
	Minor (reclaiming a frame) page faults: 69
	Voluntary context switches: 47
	Involuntary context switches: 7
	Swaps: 0
	File system inputs: 8
	File system outputs: 204800
	Socket messages sent: 0
	Socket messages received: 0
	Signals delivered: 0
	Page size (bytes): 4096
	Exit status: 0
===== Run 8 =====
	Command being timed: "./speck -k key_128.key -e -i testdate100m -o ciphertext.bin"
	User time (seconds): 0.36
	System time (seconds): 0.15
	Percent of CPU this job got: 47%
	Elapsed (wall clock) time (h:mm:ss or m:ss): 0:01.07
	Average shared text size (kbytes): 0
	Average unshared data size (kbytes): 0
	Average stack size (kbytes): 0
	Average total size (kbytes): 0
	Maximum resident set size (kbytes): 1600
	Average resident set size (kbytes): 0
	Major (requiring I/O) page faults: 0
	Minor (reclaiming a frame) page faults: 68
	Voluntary context switches: 70
	Involuntary context switches: 13
	Swaps: 0
	File system inputs: 8
	File system outputs: 204800
	Socket messages sent: 0
	Socket messages received: 0
	Signals delivered: 0
	Page size (bytes): 4096
	Exit status: 0
===== Run 9 =====
	Command being timed: "./speck -k key_128.key -e -i testdate100m -o ciphertext.bin"
	User time (seconds): 0.40
	System time (seconds): 0.09
	Percent of CPU this job got: 50%
	Elapsed (wall clock) time (h:mm:ss or m:ss): 0:00.99
	Average shared text size (kbytes): 0
	Average unshared data size (kbytes): 0
	Average stack size (kbytes): 0
	Average total size (kbytes): 0
	Maximum resident set size (kbytes): 1584
	Average resident set size (kbytes): 0
	Major (requiring I/O) page faults: 0
	Minor (reclaiming a frame) page faults: 67
	Voluntary context switches: 67
	Involuntary context switches: 12
	Swaps: 0
	File system inputs: 8
	File system outputs: 204800
	Socket messages sent: 0
	Socket messages received: 0
	Signals delivered: 0
	Page size (bytes): 4096
	Exit status: 0
===== Run 10 =====
	Command being timed: "./speck -k key_128.key -e -i testdate100m -o ciphertext.bin"
	User time (seconds): 0.45
	System time (seconds): 0.12
	Percent of CPU this job got: 97%
	Elapsed (wall clock) time (h:mm:ss or m:ss): 0:00.59
	Average shared text size (kbytes): 0
	Average unshared data size (kbytes): 0
	Average stack size (kbytes): 0
	Average total size (kbytes): 0
	Maximum resident set size (kbytes): 1620
	Average resident set size (kbytes): 0
	Major (requiring I/O) page faults: 0
	Minor (reclaiming a frame) page faults: 67
	Voluntary context switches: 5
	Involuntary context switches: 8
	Swaps: 0
	File system inputs: 0
	File system outputs: 204800
	Socket messages sent: 0
	Socket messages received: 0
	Signals delivered: 0
	Page size (bytes): 4096
	Exit status: 0
