===== Run 1 =====
	Command being timed: "./speck -k key_128.key -e -i testdate1G -o ciphertext.bin"
	User time (seconds): 4.25
	System time (seconds): 0.96
	Percent of CPU this job got: 43%
	Elapsed (wall clock) time (h:mm:ss or m:ss): 0:11.88
	Average shared text size (kbytes): 0
	Average unshared data size (kbytes): 0
	Average stack size (kbytes): 0
	Average total size (kbytes): 0
	Maximum resident set size (kbytes): 1624
	Average resident set size (kbytes): 0
	Major (requiring I/O) page faults: 0
	Minor (reclaiming a frame) page faults: 67
	Voluntary context switches: 4513
	Involuntary context switches: 97
	Swaps: 0
	File system inputs: 16
	File system outputs: 2097152
	Socket messages sent: 0
	Socket messages received: 0
	Signals delivered: 0
	Page size (bytes): 4096
	Exit status: 0
===== Run 2 =====
	Command being timed: "./speck -k key_128.key -e -i testdate1G -o ciphertext.bin"
	User time (seconds): 4.74
	System time (seconds): 1.51
	Percent of CPU this job got: 43%
	Elapsed (wall clock) time (h:mm:ss or m:ss): 0:14.37
	Average shared text size (kbytes): 0
	Average unshared data size (kbytes): 0
	Average stack size (kbytes): 0
	Average total size (kbytes): 0
	Maximum resident set size (kbytes): 1520
	Average resident set size (kbytes): 0
	Major (requiring I/O) page faults: 0
	Minor (reclaiming a frame) page faults: 68
	Voluntary context switches: 13877
	Involuntary context switches: 55
	Swaps: 0
	File system inputs: 860216
	File system outputs: 2097152
	Socket messages sent: 0
	Socket messages received: 0
	Signals delivered: 0
	Page size (bytes): 4096
	Exit status: 0
===== Run 3 =====
	Command being timed: "./speck -k key_128.key -e -i testdate1G -o ciphertext.bin"
	User time (seconds): 5.11
	System time (seconds): 1.26
	Percent of CPU this job got: 40%
	Elapsed (wall clock) time (h:mm:ss or m:ss): 0:15.57
	Average shared text size (kbytes): 0
	Average unshared data size (kbytes): 0
	Average stack size (kbytes): 0
	Average total size (kbytes): 0
	Maximum resident set size (kbytes): 1572
	Average resident set size (kbytes): 0
	Major (requiring I/O) page faults: 0
	Minor (reclaiming a frame) page faults: 67
	Voluntary context switches: 11627
	Involuntary context switches: 74
	Swaps: 0
	File system inputs: 819552
	File system outputs: 2097152
	Socket messages sent: 0
	Socket messages received: 0
	Signals delivered: 0
	Page size (bytes): 4096
	Exit status: 0
===== Run 4 =====
	Command being timed: "./speck -k key_128.key -e -i testdate1G -o ciphertext.bin"
	User time (seconds): 3.96
	System time (seconds): 1.16
	Percent of CPU this job got: 38%
	Elapsed (wall clock) time (h:mm:ss or m:ss): 0:13.45
	Average shared text size (kbytes): 0
	Average unshared data size (kbytes): 0
	Average stack size (kbytes): 0
	Average total size (kbytes): 0
	Maximum resident set size (kbytes): 1628
	Average resident set size (kbytes): 0
	Major (requiring I/O) page faults: 0
	Minor (reclaiming a frame) page faults: 68
	Voluntary context switches: 6760
	Involuntary context switches: 48
	Swaps: 0
	File system inputs: 153472
	File system outputs: 2097152
	Socket messages sent: 0
	Socket messages received: 0
	Signals delivered: 0
	Page size (bytes): 4096
	Exit status: 0
===== Run 5 =====
	Command being timed: "./speck -k key_128.key -e -i testdate1G -o ciphertext.bin"
	User time (seconds): 4.13
	System time (seconds): 1.15
	Percent of CPU this job got: 51%
	Elapsed (wall clock) time (h:mm:ss or m:ss): 0:10.28
	Average shared text size (kbytes): 0
	Average unshared data size (kbytes): 0
	Average stack size (kbytes): 0
	Average total size (kbytes): 0
	Maximum resident set size (kbytes): 1588
	Average resident set size (kbytes): 0
	Major (requiring I/O) page faults: 0
	Minor (reclaiming a frame) page faults: 69
	Voluntary context switches: 3039
	Involuntary context switches: 33
	Swaps: 0
	File system inputs: 25392
	File system outputs: 2097152
	Socket messages sent: 0
	Socket messages received: 0
	Signals delivered: 0
	Page size (bytes): 4096
	Exit status: 0
===== Run 6 =====
	Command being timed: "./speck -k key_128.key -e -i testdate1G -o ciphertext.bin"
	User time (seconds): 4.28
	System time (seconds): 1.12
	Percent of CPU this job got: 41%
	Elapsed (wall clock) time (h:mm:ss or m:ss): 0:12.95
	Average shared text size (kbytes): 0
	Average unshared data size (kbytes): 0
	Average stack size (kbytes): 0
	Average total size (kbytes): 0
	Maximum resident set size (kbytes): 1584
	Average resident set size (kbytes): 0
	Major (requiring I/O) page faults: 0
	Minor (reclaiming a frame) page faults: 68
	Voluntary context switches: 1915
	Involuntary context switches: 41
	Swaps: 0
	File system inputs: 32
	File system outputs: 2097152
	Socket messages sent: 0
	Socket messages received: 0
	Signals delivered: 0
	Page size (bytes): 4096
	Exit status: 0
===== Run 7 =====
	Command being timed: "./speck -k key_128.key -e -i testdate1G -o ciphertext.bin"
	User time (seconds): 4.76
	System time (seconds): 1.30
	Percent of CPU this job got: 48%
	Elapsed (wall clock) time (h:mm:ss or m:ss): 0:12.45
	Average shared text size (kbytes): 0
	Average unshared data size (kbytes): 0
	Average stack size (kbytes): 0
	Average total size (kbytes): 0
	Maximum resident set size (kbytes): 1616
	Average resident set size (kbytes): 0
	Major (requiring I/O) page faults: 0
	Minor (reclaiming a frame) page faults: 68
	Voluntary context switches: 9996
	Involuntary context switches: 43
	Swaps: 0
	File system inputs: 16
	File system outputs: 2097152
	Socket messages sent: 0
	Socket messages received: 0
	Signals delivered: 0
	Page size (bytes): 4096
	Exit status: 0
===== Run 8 =====
	Command being timed: "./speck -k key_128.key -e -i testdate1G -o ciphertext.bin"
	User time (seconds): 4.92
	System time (seconds): 1.41
	Percent of CPU this job got: 59%
	Elapsed (wall clock) time (h:mm:ss or m:ss): 0:10.70
	Average shared text size (kbytes): 0
	Average unshared data size (kbytes): 0
	Average stack size (kbytes): 0
	Average total size (kbytes): 0
	Maximum resident set size (kbytes): 1520
	Average resident set size (kbytes): 0
	Major (requiring I/O) page faults: 0
	Minor (reclaiming a frame) page faults: 66
	Voluntary context switches: 2009
	Involuntary context switches: 87
	Swaps: 0
	File system inputs: 40
	File system outputs: 2097152
	Socket messages sent: 0
	Socket messages received: 0
	Signals delivered: 0
	Page size (bytes): 4096
	Exit status: 0
===== Run 9 =====
	Command being timed: "./speck -k key_128.key -e -i testdate1G -o ciphertext.bin"
	User time (seconds): 4.11
	System time (seconds): 1.13
	Percent of CPU this job got: 59%
	Elapsed (wall clock) time (h:mm:ss or m:ss): 0:08.87
	Average shared text size (kbytes): 0
	Average unshared data size (kbytes): 0
	Average stack size (kbytes): 0
	Average total size (kbytes): 0
	Maximum resident set size (kbytes): 1584
	Average resident set size (kbytes): 0
	Major (requiring I/O) page faults: 0
	Minor (reclaiming a frame) page faults: 68
	Voluntary context switches: 78
	Involuntary context switches: 32
	Swaps: 0
	File system inputs: 24
	File system outputs: 2097152
	Socket messages sent: 0
	Socket messages received: 0
	Signals delivered: 0
	Page size (bytes): 4096
	Exit status: 0
===== Run 10 =====
	Command being timed: "./speck -k key_128.key -e -i testdate1G -o ciphertext.bin"
	User time (seconds): 4.08
	System time (seconds): 1.24
	Percent of CPU this job got: 61%
	Elapsed (wall clock) time (h:mm:ss or m:ss): 0:08.68
	Average shared text size (kbytes): 0
	Average unshared data size (kbytes): 0
	Average stack size (kbytes): 0
	Average total size (kbytes): 0
	Maximum resident set size (kbytes): 1612
	Average resident set size (kbytes): 0
	Major (requiring I/O) page faults: 0
	Minor (reclaiming a frame) page faults: 68
	Voluntary context switches: 109
	Involuntary context switches: 48
	Swaps: 0
	File system inputs: 24
	File system outputs: 2097152
	Socket messages sent: 0
	Socket messages received: 0
	Signals delivered: 0
	Page size (bytes): 4096
	Exit status: 0
